<?xml version="1.0" encoding="UTF-8"?>
<!-- Generated by org.testng.reporters.JUnitXMLReporter -->
<testsuite hostname="HDC4-L-F2E4LSH" failures="0" tests="3" name="Nopackage" time="75.826" errors="0" timestamp="2 Feb 2023 11:36:53 GMT">
  <testcase classname="com.hrms.testscripts.TC001_LoginLogout" name="tc001" time="24.462"/>
  <testcase classname="com.hrms.testscripts.TC001_AddEmployee" name="tc002" time="9.169"/>
  <testcase classname="com.hrms.testscripts.TC003_DeleteEmployee" name="tc003" time="25.375"/>
</testsuite> <!-- Nopackage -->
